<?xml version="1.0" encoding="UTF-8"?>
<testng-results ignored="0" total="1" passed="1" failed="0" skipped="0">
  <reporter-output>
  </reporter-output>
  <suite started-at="2026-08-13T12:45:15 IST" name="Default suite" finished-at="2026-08-13T12:45:25 IST" duration-ms="10605">
    <groups>
    </groups>
    <test started-at="2026-08-13T12:45:15 IST" name="Default test" finished-at="2026-08-13T12:45:25 IST" duration-ms="10605">
      <class name="com.ScreenShot.TestDemo.ScreenShotOverlapDemo">
        <test-method is-config="true" signature="Browser()[pri:0, instance:com.ScreenShot.TestDemo.ScreenShotOverlapDemo@20deea7f]" started-at="2026-08-13T12:45:15 IST" name="Browser" finished-at="2026-08-13T12:45:19 IST" duration-ms="4137" status="PASS">
          <reporter-output>
          </reporter-output>
        </test-method> <!-- Browser -->
        <test-method signature="case6()[pri:0, instance:com.ScreenShot.TestDemo.ScreenShotOverlapDemo@20deea7f]" started-at="2026-08-13T12:45:19 IST" name="case6" finished-at="2026-08-13T12:45:24 IST" duration-ms="5426" status="PASS">
          <reporter-output>
          </reporter-output>
        </test-method> <!-- case6 -->
        <test-method is-config="true" signature="close()[pri:0, instance:com.ScreenShot.TestDemo.ScreenShotOverlapDemo@20deea7f]" started-at="2026-08-13T12:45:24 IST" name="close" finished-at="2026-08-13T12:45:25 IST" duration-ms="946" status="PASS">
          <reporter-output>
          </reporter-output>
        </test-method> <!-- close -->
      </class> <!-- com.ScreenShot.TestDemo.ScreenShotOverlapDemo -->
    </test> <!-- Default test -->
  </suite> <!-- Default suite -->
</testng-results>
